Base path: C:/Program Files/Unity/Editor/Data
Pipe name: \\.\pipe\UnityShaderCompiler-32bit-1-3588
Cmd: getPlatforms
Cmd: preprocess
  insize=8333 outsize=2044 ok=1
Cmd: compileSnippet
  api=1 type=0 insize=6508 outsize=131 kw= pd= ok=1
Cmd: compileSnippet
  api=1 type=1 insize=6508 outsize=635 kw= pd= ok=1
Cmd: compileSnippet
  api=1 type=0 insize=6503 outsize=131 kw= pd= ok=1
Cmd: compileSnippet
  api=1 type=1 insize=6503 outsize=1408 kw= pd= ok=1
Cmd: compileSnippet
  api=1 type=0 insize=6503 outsize=131 kw= pd= ok=1
Cmd: compileSnippet
  api=1 type=1 insize=6503 outsize=413 kw= pd= ok=1
Cmd: compileSnippet
  api=1 type=0 insize=6503 outsize=131 kw= pd= ok=1
Cmd: compileSnippet
  api=1 type=1 insize=6503 outsize=413 kw= pd= ok=1
Cmd: compileSnippet
  api=1 type=0 insize=6505 outsize=131 kw= pd= ok=1
Cmd: compileSnippet
  api=1 type=1 insize=6505 outsize=746 kw= pd= ok=1
Cmd: compileSnippet
  api=1 type=0 insize=6505 outsize=131 kw= pd= ok=1
Cmd: compileSnippet
  api=1 type=1 insize=6505 outsize=412 kw= pd= ok=1
Cmd: compileSnippet
  api=1 type=0 insize=6514 outsize=131 kw= pd= ok=1
Cmd: compileSnippet
  api=1 type=1 insize=6514 outsize=456 kw= pd= ok=1
Cmd: compileSnippet
  api=1 type=0 insize=6519 outsize=131 kw= pd= ok=1
Cmd: compileSnippet
  api=1 type=1 insize=6519 outsize=375 kw= pd= ok=1
Cmd: compileSnippet
  api=1 type=0 insize=6512 outsize=131 kw= pd= ok=1
Cmd: compileSnippet
  api=1 type=1 insize=6512 outsize=172 kw= pd= ok=1
Cmd: compileSnippet
  api=1 type=0 insize=6510 outsize=131 kw= pd= ok=1
Cmd: compileSnippet
  api=1 type=1 insize=6510 outsize=558 kw= pd= ok=1
Cmd: compileSnippet
  api=1 type=0 insize=6517 outsize=131 kw= pd= ok=1
Cmd: compileSnippet
  api=1 type=1 insize=6517 outsize=646 kw= pd= ok=1
Cmd: preprocess
  insize=10964 outsize=662 ok=1
Cmd: compileSnippet
  api=1 type=0 insize=10530 outsize=131 kw= pd= ok=1
Cmd: compileSnippet
  api=1 type=1 insize=10530 outsize=422 kw= pd= ok=1
Cmd: compileSnippet
  api=1 type=0 insize=10552 outsize=157 kw= pd= ok=1
Cmd: compileSnippet
  api=1 type=1 insize=10552 outsize=2809 kw= pd= ok=1
Cmd: compileSnippet
  api=1 type=0 insize=10508 outsize=157 kw= pd= ok=1
Cmd: compileSnippet
  api=1 type=1 insize=10508 outsize=2850 kw= pd= ok=1
Cmd: preprocess
  insize=1063 outsize=406 ok=1
Cmd: compileSnippet
  api=1 type=0 insize=955 outsize=131 kw= pd= ok=1
Cmd: compileSnippet
  api=1 type=1 insize=955 outsize=131 kw= pd= ok=1
Cmd: compileSnippet
  api=1 type=0 insize=954 outsize=131 kw= pd= ok=1
Cmd: compileSnippet
  api=1 type=1 insize=954 outsize=129 kw= pd= ok=1
Cmd: preprocess
  insize=9575 outsize=798 ok=1
Cmd: compileSnippet
  api=1 type=0 insize=8985 outsize=360 kw= pd= ok=1
Cmd: compileSnippet
  api=1 type=1 insize=8985 outsize=954 kw= pd= ok=1
Cmd: compileSnippet
  api=1 type=0 insize=8989 outsize=459 kw= pd= ok=1
Cmd: compileSnippet
  api=1 type=1 insize=8989 outsize=1044 kw= pd= ok=1
Cmd: compileSnippet
  api=1 type=0 insize=9009 outsize=302 kw= pd= ok=1
Cmd: compileSnippet
  api=1 type=1 insize=9009 outsize=1239 kw= pd= ok=1
Cmd: compileSnippet
  api=1 type=0 insize=9004 outsize=302 kw= pd= ok=1
Cmd: compileSnippet
  api=1 type=1 insize=9004 outsize=1258 kw= pd= ok=1
Cmd: compileSnippet
  api=1 type=0 insize=9008 outsize=302 kw= pd= ok=1
Cmd: compileSnippet
  api=1 type=1 insize=9008 outsize=344 kw= pd= ok=1
Cmd: preprocess
  insize=1624 outsize=334 ok=1
Cmd: compileSnippet
  api=1 type=0 insize=1592 outsize=187 kw= pd= ok=1
Cmd: compileSnippet
  api=1 type=1 insize=1592 outsize=650 kw= pd= ok=1
Cmd: preprocess
  insize=844 outsize=330 ok=1
Cmd: compileSnippet
  api=1 type=0 insize=819 outsize=131 kw= pd= ok=1
Cmd: compileSnippet
  api=1 type=1 insize=819 outsize=316 kw= pd= ok=1
Cmd: preprocess
  insize=928 outsize=289 ok=1
Cmd: compileSnippet
  api=1 type=0 insize=944 outsize=131 kw= pd= ok=1
Cmd: compileSnippet
  api=1 type=1 insize=944 outsize=199 kw= pd= ok=1
Cmd: preprocess
  insize=1217 outsize=387 ok=1
Cmd: compileSnippet
  api=1 type=0 insize=1135 outsize=258 kw= pd= ok=1
Cmd: compileSnippet
  api=1 type=1 insize=1135 outsize=347 kw= pd= ok=1
Cmd: preprocess
  insize=3521 outsize=640 ok=1
Cmd: compileSnippet
  api=1 type=0 insize=3155 outsize=131 kw= pd= ok=1
Cmd: compileSnippet
  api=1 type=1 insize=3155 outsize=323 kw= pd= ok=1
Cmd: compileSnippet
  api=1 type=0 insize=3153 outsize=131 kw= pd= ok=1
Cmd: compileSnippet
  api=1 type=1 insize=3153 outsize=317 kw= pd= ok=1
Cmd: compileSnippet
  api=1 type=0 insize=3160 outsize=131 kw= pd= ok=1
Cmd: compileSnippet
  api=1 type=1 insize=3160 outsize=1811 kw= pd= ok=1
Cmd: preprocess
  insize=1164 outsize=384 ok=1
Cmd: compileSnippet
  api=1 type=0 insize=1085 outsize=131 kw= pd= ok=1
Cmd: compileSnippet
  api=1 type=1 insize=1085 outsize=595 kw= pd= ok=1
Cmd: preprocess
  insize=6511 outsize=781 ok=1
Cmd: compileSnippet
  api=1 type=0 insize=1952 outsize=208 kw= pd= ok=1
Cmd: compileSnippet
  api=1 type=1 insize=1952 outsize=4212 kw= pd= ok=1
Cmd: compileSnippet
  api=1 type=0 insize=2216 outsize=208 kw= pd= ok=1
Cmd: compileSnippet
  api=1 type=1 insize=2216 outsize=7052 kw= pd= ok=1
Cmd: compileSnippet
  api=1 type=0 insize=2722 outsize=208 kw= pd= ok=1
Cmd: compileSnippet
  api=1 type=1 insize=2722 outsize=12783 kw= pd= ok=1
Cmd: compileSnippet
  error: 1 plat 1 at (228): 's': loop control variable conflicts with a previous declaration in the outer scope; most recent declaration will be used\nCompiling Vertex program
  api=1 type=0 insize=2998 outsize=170 kw= pd= ok=1
Cmd: compileSnippet
  error: 1 plat 1 at (228): 's': loop control variable conflicts with a previous declaration in the outer scope; most recent declaration will be used\nCompiling Fragment program
  api=1 type=1 insize=2998 outsize=1254 kw= pd= ok=1
Cmd: compileSnippet
  api=1 type=0 insize=1938 outsize=146 kw= pd= ok=1
Cmd: compileSnippet
  api=1 type=1 insize=1938 outsize=151 kw= pd= ok=1
Cmd: preprocess
  insize=1097 outsize=289 ok=1
Cmd: compileSnippet
  api=1 type=0 insize=1113 outsize=346 kw= pd= ok=1
Cmd: compileSnippet
  api=1 type=1 insize=1113 outsize=222 kw= pd= ok=1
Cmd: preprocess
  insize=2413 outsize=753 ok=1
Cmd: compileSnippet
  api=1 type=0 insize=1931 outsize=258 kw= pd= ok=1
Cmd: compileSnippet
  api=1 type=1 insize=1931 outsize=201 kw= pd= ok=1
Cmd: compileSnippet
  api=1 type=0 insize=1928 outsize=258 kw= pd= ok=1
Cmd: compileSnippet
  api=1 type=1 insize=1928 outsize=121 kw= pd= ok=1
Cmd: compileSnippet
  api=1 type=0 insize=1941 outsize=252 kw= pd= ok=1
Cmd: compileSnippet
  api=1 type=1 insize=1941 outsize=240 kw= pd= ok=1
Cmd: compileSnippet
  api=1 type=0 insize=1940 outsize=258 kw= pd= ok=1
Cmd: compileSnippet
  api=1 type=1 insize=1940 outsize=105 kw= pd= ok=1
Cmd: preprocess
  insize=883 outsize=277 ok=1
Cmd: compileSnippet
  api=1 type=0 insize=911 outsize=131 kw= pd= ok=1
Cmd: compileSnippet
  api=1 type=1 insize=911 outsize=224 kw= pd= ok=1
Cmd: preprocess
  insize=1353 outsize=326 ok=1
Cmd: compileSnippet
  api=1 type=0 insize=1333 outsize=323 kw= pd= ok=1
Cmd: compileSnippet
  api=1 type=1 insize=1333 outsize=351 kw= pd= ok=1
Cmd: preprocess
  insize=1188 outsize=255 ok=1
Cmd: compileSnippet
  api=1 type=0 insize=1238 outsize=327 kw= pd= ok=1
Cmd: compileSnippet
  api=1 type=1 insize=1238 outsize=252 kw= pd= ok=1
Cmd: preprocess
  insize=1344 outsize=330 ok=1
Cmd: compileSnippet
  api=1 type=0 insize=1316 outsize=187 kw= pd= ok=1
Cmd: compileSnippet
  api=1 type=1 insize=1316 outsize=273 kw= pd= ok=1
Cmd: preprocess
  insize=1193 outsize=303 ok=1
Cmd: compileSnippet
  api=1 type=0 insize=1194 outsize=258 kw= pd= ok=1
Cmd: compileSnippet
  api=1 type=1 insize=1194 outsize=335 kw= pd= ok=1
Cmd: preprocess
  insize=2235 outsize=619 ok=1
Cmd: compileSnippet
  api=1 type=0 insize=1922 outsize=288 kw= pd= ok=1
Cmd: compileSnippet
  api=1 type=1 insize=1922 outsize=935 kw= pd= ok=1
Cmd: preprocess
  insize=902 outsize=252 ok=1
Cmd: compileSnippet
  api=1 type=0 insize=950 outsize=136 kw= pd= ok=1
Cmd: compileSnippet
  api=1 type=1 insize=950 outsize=310 kw= pd= ok=1
Cmd: preprocess
  insize=636 outsize=302 ok=1
Cmd: compileSnippet
  api=1 type=0 insize=634 outsize=131 kw= pd= ok=1
Cmd: compileSnippet
  api=1 type=1 insize=634 outsize=247 kw= pd= ok=1
Cmd: preprocess
  insize=6131 outsize=973 ok=1
Cmd: compileSnippet
  api=1 type=0 insize=5399 outsize=258 kw= pd= ok=1
Cmd: compileSnippet
  api=1 type=1 insize=5399 outsize=124 kw= pd= ok=1
Cmd: compileSnippet
  api=1 type=0 insize=5406 outsize=249 kw= pd= ok=1
Cmd: compileSnippet
  api=1 type=1 insize=5406 outsize=318 kw= pd= ok=1
Cmd: compileSnippet
  api=1 type=0 insize=5410 outsize=271 kw= pd= ok=1
Cmd: compileSnippet
  api=1 type=1 insize=5410 outsize=738 kw= pd= ok=1
Cmd: compileSnippet
  api=1 type=0 insize=5411 outsize=271 kw= pd= ok=1
Cmd: compileSnippet
  api=1 type=1 insize=5411 outsize=738 kw= pd= ok=1
Cmd: compileSnippet
  api=1 type=0 insize=5415 outsize=371 kw= pd= ok=1
Cmd: compileSnippet
  api=1 type=1 insize=5415 outsize=661 kw= pd= ok=1
Cmd: compileSnippet
  api=1 type=0 insize=5416 outsize=381 kw= pd= ok=1
Cmd: compileSnippet
  api=1 type=1 insize=5416 outsize=661 kw= pd= ok=1
Cmd: preprocess
  insize=32573 outsize=255 ok=1
Cmd: compileSnippet
  api=1 type=0 insize=32620 outsize=157 kw= pd= ok=1
Cmd: compileSnippet
  api=1 type=1 insize=32620 outsize=4072 kw= pd= ok=1
Cmd: preprocess
  insize=1154 outsize=242 ok=1
Cmd: compileSnippet
  api=1 type=0 insize=1214 outsize=178 kw= pd= ok=1
Cmd: compileSnippet
  api=1 type=1 insize=1214 outsize=619 kw= pd= ok=1
Cmd: preprocess
  insize=4293 outsize=504 ok=1
Cmd: compileSnippet
  api=1 type=0 insize=3976 outsize=464 kw= pd= ok=1
Cmd: compileSnippet
  api=1 type=1 insize=3976 outsize=1247 kw= pd= ok=1
Cmd: compileSnippet
  api=1 type=0 insize=3977 outsize=464 kw= pd= ok=1
Cmd: compileSnippet
  api=1 type=1 insize=3977 outsize=856 kw= pd= ok=1
Cmd: compileSnippet
  api=1 type=0 insize=3977 outsize=464 kw= pd= ok=1
Cmd: compileSnippet
  api=1 type=1 insize=3977 outsize=1065 kw= pd= ok=1
Cmd: preprocess
  insize=992 outsize=248 ok=1
Cmd: compileSnippet
  api=1 type=0 insize=1045 outsize=264 kw= pd= ok=1
Cmd: compileSnippet
  api=1 type=1 insize=1045 outsize=193 kw= pd= ok=1
Cmd: preprocess
  insize=4770 outsize=1779 ok=1
Cmd: compileSnippet
  api=1 type=0 insize=3198 outsize=258 kw= pd= ok=1
Cmd: compileSnippet
  api=1 type=1 insize=3198 outsize=207 kw= pd= ok=1
Cmd: compileSnippet
  api=1 type=0 insize=3195 outsize=258 kw= pd= ok=1
Cmd: compileSnippet
  api=1 type=1 insize=3195 outsize=127 kw= pd= ok=1
Cmd: compileSnippet
  api=1 type=0 insize=3211 outsize=267 kw= pd= ok=1
Cmd: compileSnippet
  api=1 type=1 insize=3211 outsize=255 kw= pd= ok=1
Cmd: compileSnippet
  api=1 type=0 insize=3203 outsize=258 kw= pd= ok=1
Cmd: compileSnippet
  api=1 type=1 insize=3203 outsize=105 kw= pd= ok=1
Cmd: compileSnippet
  api=1 type=0 insize=3203 outsize=258 kw= pd= ok=1
Cmd: compileSnippet
  api=1 type=1 insize=3203 outsize=207 kw= pd= ok=1
Cmd: compileSnippet
  api=1 type=0 insize=3200 outsize=258 kw= pd= ok=1
Cmd: compileSnippet
  api=1 type=1 insize=3200 outsize=127 kw= pd= ok=1
Cmd: compileSnippet
  api=1 type=0 insize=3212 outsize=267 kw= pd= ok=1
Cmd: compileSnippet
  api=1 type=1 insize=3212 outsize=240 kw= pd= ok=1
Cmd: compileSnippet
  api=1 type=0 insize=3205 outsize=258 kw= pd= ok=1
Cmd: compileSnippet
  api=1 type=1 insize=3205 outsize=120 kw= pd= ok=1
Cmd: compileSnippet
  api=1 type=0 insize=3197 outsize=258 kw= pd= ok=1
Cmd: compileSnippet
  api=1 type=1 insize=3197 outsize=58 kw= pd= ok=1
Cmd: compileSnippet
  api=1 type=0 insize=3201 outsize=258 kw= pd= ok=1
Cmd: compileSnippet
  api=1 type=1 insize=3201 outsize=83 kw= pd= ok=1
Cmd: compileSnippet
  api=1 type=0 insize=3196 outsize=258 kw= pd= ok=1
Cmd: compileSnippet
  api=1 type=1 insize=3196 outsize=63 kw= pd= ok=1
Cmd: preprocess
  insize=12787 outsize=1859 ok=1
Cmd: compileSnippet
  api=1 type=0 insize=11105 outsize=157 kw= pd= ok=1
Cmd: compileSnippet
  api=1 type=1 insize=11105 outsize=628 kw= pd= ok=1
Cmd: compileSnippet
  api=1 type=0 insize=11096 outsize=157 kw= pd= ok=1
Cmd: compileSnippet
  api=1 type=1 insize=11096 outsize=140 kw= pd= ok=1
Cmd: compileSnippet
  api=1 type=0 insize=11098 outsize=157 kw= pd= ok=1
Cmd: compileSnippet
  api=1 type=1 insize=11098 outsize=675 kw= pd= ok=1
Cmd: compileSnippet
  api=1 type=0 insize=11103 outsize=157 kw= pd= ok=1
Cmd: compileSnippet
  api=1 type=1 insize=11103 outsize=1013 kw= pd= ok=1
Cmd: compileSnippet
  api=1 type=0 insize=11113 outsize=157 kw= pd= ok=1
Cmd: compileSnippet
  api=1 type=1 insize=11113 outsize=1939 kw= pd= ok=1
Cmd: compileSnippet
  api=1 type=0 insize=11100 outsize=157 kw= pd= ok=1
Cmd: compileSnippet
  api=1 type=1 insize=11100 outsize=376 kw= pd= ok=1
Cmd: compileSnippet
  api=1 type=0 insize=11106 outsize=157 kw= pd= ok=1
Cmd: compileSnippet
  api=1 type=1 insize=11106 outsize=927 kw= pd= ok=1
Cmd: compileSnippet
  api=1 type=0 insize=11112 outsize=157 kw= pd= ok=1
Cmd: compileSnippet
  api=1 type=1 insize=11112 outsize=2941 kw= pd= ok=1
Cmd: preprocess
  insize=963 outsize=333 ok=1
Cmd: compileSnippet
  api=1 type=0 insize=935 outsize=131 kw= pd= ok=1
Cmd: compileSnippet
  api=1 type=1 insize=935 outsize=294 kw= pd= ok=1
Cmd: preprocess
  insize=6023 outsize=731 ok=1
Cmd: preprocess
  insize=2677 outsize=761 ok=1
Cmd: compileSnippet
  api=1 type=0 insize=2189 outsize=305 kw= pd= ok=1
Cmd: compileSnippet
  api=1 type=1 insize=2189 outsize=121 kw= pd= ok=1
Cmd: compileSnippet
  api=1 type=0 insize=2189 outsize=305 kw= pd= ok=1
Cmd: compileSnippet
  api=1 type=1 insize=2189 outsize=198 kw= pd= ok=1
Cmd: compileSnippet
  api=1 type=0 insize=2193 outsize=305 kw= pd= ok=1
Cmd: compileSnippet
  api=1 type=1 insize=2193 outsize=135 kw= pd= ok=1
Cmd: compileSnippet
  api=1 type=0 insize=2192 outsize=305 kw= pd= ok=1
Cmd: compileSnippet
  api=1 type=1 insize=2192 outsize=408 kw= pd= ok=1
Cmd: compileSnippet
  api=1 type=0 insize=2195 outsize=305 kw= pd= ok=1
Cmd: compileSnippet
  api=1 type=1 insize=2195 outsize=124 kw= pd= ok=1
Cmd: preprocess
  insize=10773 outsize=2532 ok=1
Cmd: compileSnippet
  api=1 type=0 insize=8468 outsize=302 kw= pd= ok=1
Cmd: compileSnippet
  api=1 type=1 insize=8468 outsize=1589 kw= pd= ok=1
Cmd: compileSnippet
  api=1 type=0 insize=8473 outsize=302 kw= pd= ok=1
Cmd: compileSnippet
  api=1 type=1 insize=8473 outsize=1011 kw= pd= ok=1
Cmd: compileSnippet
  api=1 type=0 insize=8472 outsize=302 kw= pd= ok=1
Cmd: compileSnippet
  api=1 type=1 insize=8472 outsize=119 kw= pd= ok=1
Cmd: compileSnippet
  api=1 type=0 insize=8476 outsize=302 kw= pd= ok=1
Cmd: compileSnippet
  api=1 type=1 insize=8476 outsize=424 kw= pd= ok=1
Cmd: compileSnippet
  api=1 type=0 insize=8475 outsize=302 kw= pd= ok=1
Cmd: compileSnippet
  api=1 type=1 insize=8475 outsize=314 kw= pd= ok=1
Cmd: preprocess
  insize=12423 outsize=2312 ok=1
Cmd: compileSnippet
  api=1 type=0 insize=10185 outsize=131 kw= pd= ok=1
Cmd: compileSnippet
  api=1 type=1 insize=10185 outsize=197 kw= pd= ok=1
Cmd: compileSnippet
  api=1 type=0 insize=10184 outsize=131 kw= pd= ok=1
Cmd: compileSnippet
  api=1 type=1 insize=10184 outsize=383 kw= pd= ok=1
Cmd: compileSnippet
  api=1 type=0 insize=10184 outsize=131 kw= pd= ok=1
Cmd: compileSnippet
  api=1 type=1 insize=10184 outsize=367 kw= pd= ok=1
Cmd: compileSnippet
  api=1 type=0 insize=10166 outsize=131 kw= pd= ok=1
Cmd: compileSnippet
  api=1 type=1 insize=10166 outsize=251 kw= pd= ok=1
Cmd: compileSnippet
  api=1 type=0 insize=10185 outsize=131 kw= pd= ok=1
Cmd: compileSnippet
  api=1 type=1 insize=10185 outsize=267 kw= pd= ok=1
Cmd: compileSnippet
  api=1 type=0 insize=10166 outsize=131 kw= pd= ok=1
Cmd: compileSnippet
  api=1 type=1 insize=10166 outsize=342 kw= pd= ok=1
Cmd: compileSnippet
  api=1 type=0 insize=10211 outsize=208 kw= pd= ok=1
Cmd: compileSnippet
  api=1 type=1 insize=10211 outsize=469 kw= pd= ok=1
Cmd: compileSnippet
  api=1 type=0 insize=10165 outsize=131 kw= pd= ok=1
Cmd: compileSnippet
  api=1 type=1 insize=10165 outsize=58 kw= pd= ok=1
Cmd: compileSnippet
  api=1 type=0 insize=10169 outsize=131 kw= pd= ok=1
Cmd: compileSnippet
  api=1 type=1 insize=10169 outsize=66 kw= pd= ok=1
Cmd: compileSnippet
  api=1 type=0 insize=10191 outsize=457 kw= pd= ok=1
Cmd: compileSnippet
  api=1 type=1 insize=10191 outsize=1155 kw= pd= ok=1
Cmd: compileSnippet
  api=1 type=0 insize=10185 outsize=457 kw= pd= ok=1
Cmd: compileSnippet
  api=1 type=1 insize=10185 outsize=1251 kw= pd= ok=1
Cmd: compileSnippet
  api=1 type=0 insize=10191 outsize=457 kw= pd= ok=1
Cmd: compileSnippet
  api=1 type=1 insize=10191 outsize=1155 kw= pd= ok=1
Cmd: preprocess
  insize=1909 outsize=438 ok=1
Cmd: compileSnippet
  api=1 type=0 insize=1746 outsize=131 kw= pd= ok=1
Cmd: compileSnippet
  api=1 type=1 insize=1746 outsize=464 kw= pd= ok=1
Cmd: compileSnippet
  api=1 type=0 insize=1759 outsize=131 kw= pd= ok=1
Cmd: compileSnippet
  api=1 type=1 insize=1759 outsize=675 kw= pd= ok=1
Cmd: preprocess
  insize=1530 outsize=277 ok=1
Cmd: compileSnippet
  api=1 type=0 insize=1558 outsize=331 kw= pd= ok=1
Cmd: compileSnippet
  api=1 type=1 insize=1558 outsize=681 kw= pd= ok=1
Cmd: preprocess
  insize=23968 outsize=4108 ok=1
Cmd: compileSnippet
  api=1 type=0 insize=19214 outsize=302 kw= pd= ok=1
Cmd: compileSnippet
  api=1 type=1 insize=19214 outsize=302 kw= pd= ok=1
Cmd: compileSnippet
  api=1 type=0 insize=19220 outsize=639 kw= pd= ok=1
Cmd: compileSnippet
  api=1 type=1 insize=19220 outsize=1189 kw= pd= ok=1
Cmd: compileSnippet
  api=1 type=0 insize=19223 outsize=639 kw= pd= ok=1
Cmd: compileSnippet
  api=1 type=1 insize=19223 outsize=2560 kw= pd= ok=1
Cmd: compileSnippet
  api=1 type=0 insize=19202 outsize=302 kw= pd= ok=1
Cmd: compileSnippet
  api=1 type=1 insize=19202 outsize=56 kw= pd= ok=1
Cmd: compileSnippet
  api=1 type=0 insize=19218 outsize=302 kw= pd= ok=1
Cmd: compileSnippet
  api=1 type=1 insize=19218 outsize=298 kw= pd= ok=1
Cmd: compileSnippet
  api=1 type=0 insize=19205 outsize=302 kw= pd= ok=1
Cmd: compileSnippet
  api=1 type=1 insize=19205 outsize=735 kw= pd= ok=1
Cmd: compileSnippet
  api=1 type=0 insize=19216 outsize=302 kw= pd= ok=1
Cmd: compileSnippet
  api=1 type=1 insize=19216 outsize=577 kw= pd= ok=1
Cmd: compileSnippet
  api=1 type=0 insize=19212 outsize=302 kw= pd= ok=1
Cmd: compileSnippet
  api=1 type=1 insize=19212 outsize=137 kw= pd= ok=1
Cmd: compileSnippet
  api=1 type=0 insize=19222 outsize=302 kw= pd= ok=1
Cmd: compileSnippet
  api=1 type=1 insize=19222 outsize=306 kw= pd= ok=1
Cmd: compileSnippet
  api=1 type=0 insize=19215 outsize=302 kw= pd= ok=1
Cmd: compileSnippet
  api=1 type=1 insize=19215 outsize=251 kw= pd= ok=1
Cmd: compileSnippet
  api=1 type=0 insize=19222 outsize=302 kw= pd= ok=1
Cmd: compileSnippet
  api=1 type=1 insize=19222 outsize=426 kw= pd= ok=1
Cmd: compileSnippet
  api=1 type=0 insize=19210 outsize=302 kw= pd= ok=1
Cmd: compileSnippet
  api=1 type=1 insize=19210 outsize=8586 kw= pd= ok=1
Cmd: compileSnippet
  api=1 type=0 insize=19219 outsize=302 kw= pd= ok=1
Cmd: compileSnippet
  api=1 type=1 insize=19219 outsize=3866 kw= pd= ok=1
Cmd: compileSnippet
  api=1 type=0 insize=19206 outsize=302 kw= pd= ok=1
Cmd: compileSnippet
  api=1 type=1 insize=19206 outsize=330 kw= pd= ok=1
Cmd: compileSnippet
  api=1 type=0 insize=19220 outsize=302 kw= pd= ok=1
Cmd: compileSnippet
  api=1 type=1 insize=19220 outsize=208 kw= pd= ok=1
Cmd: compileSnippet
  api=1 type=0 insize=19211 outsize=302 kw= pd= ok=1
Cmd: compileSnippet
  api=1 type=1 insize=19211 outsize=291 kw= pd= ok=1
Cmd: compileSnippet
  api=1 type=0 insize=19206 outsize=302 kw= pd= ok=1
Cmd: compileSnippet
  api=1 type=1 insize=19206 outsize=129 kw= pd= ok=1
Cmd: compileSnippet
  api=1 type=0 insize=19210 outsize=302 kw= pd= ok=1
Cmd: compileSnippet
  api=1 type=1 insize=19210 outsize=12827 kw= pd= ok=1
Cmd: compileSnippet
  api=1 type=0 insize=19219 outsize=302 kw= pd= ok=1
Cmd: compileSnippet
  api=1 type=1 insize=19219 outsize=8284 kw= pd= ok=1
Cmd: compileSnippet
  api=1 type=0 insize=19228 outsize=639 kw= pd= ok=1
Cmd: compileSnippet
  api=1 type=1 insize=19228 outsize=1562 kw= pd= ok=1
Cmd: compileSnippet
  api=1 type=0 insize=19207 outsize=302 kw= pd= ok=1
Cmd: compileSnippet
  api=1 type=1 insize=19207 outsize=118 kw= pd= ok=1
Cmd: compileSnippet
  api=1 type=0 insize=19209 outsize=316 kw= pd= ok=1
Cmd: compileSnippet
  api=1 type=1 insize=19209 outsize=735 kw= pd= ok=1
Cmd: compileSnippet
  api=1 type=0 insize=19225 outsize=302 kw= pd= ok=1
Cmd: compileSnippet
  api=1 type=1 insize=19225 outsize=56 kw= pd= ok=1
Cmd: preprocess
  insize=3938 outsize=531 ok=1
Cmd: compileSnippet
  api=1 type=0 insize=3713 outsize=358 kw= pd= ok=1
Cmd: compileSnippet
  api=1 type=1 insize=3713 outsize=897 kw= pd= ok=1
Cmd: compileSnippet
  api=1 type=0 insize=3725 outsize=358 kw= pd= ok=1
Cmd: compileSnippet
  api=1 type=1 insize=3725 outsize=335 kw= pd= ok=1
Cmd: compileSnippet
  api=1 type=0 insize=3716 outsize=358 kw= pd= ok=1
Cmd: compileSnippet
  api=1 type=1 insize=3716 outsize=687 kw= pd= ok=1
Cmd: preprocess
  insize=1675 outsize=280 ok=1
Cmd: compileSnippet
  api=1 type=0 insize=1697 outsize=297 kw= pd= ok=1
Cmd: compileSnippet
  api=1 type=1 insize=1697 outsize=1623 kw= pd= ok=1
Cmd: preprocess
  insize=965 outsize=333 ok=1
Cmd: compileSnippet
  api=1 type=0 insize=934 outsize=131 kw= pd= ok=1
Cmd: compileSnippet
  api=1 type=1 insize=934 outsize=307 kw= pd= ok=1
Cmd: preprocess
  insize=1082 outsize=404 ok=1
Cmd: compileSnippet
  api=1 type=0 insize=951 outsize=157 kw= pd= ok=1
Cmd: compileSnippet
  api=1 type=1 insize=951 outsize=159 kw= pd= ok=1
Cmd: compileSnippet
  api=1 type=0 insize=957 outsize=157 kw= pd= ok=1
Cmd: compileSnippet
  api=1 type=1 insize=957 outsize=253 kw= pd= ok=1
Cmd: preprocess
  insize=673 outsize=248 ok=1
Cmd: compileSnippet
  api=1 type=0 insize=724 outsize=131 kw= pd= ok=1
Cmd: compileSnippet
  api=1 type=1 insize=724 outsize=199 kw= pd= ok=1
Cmd: preprocess
  insize=5564 outsize=855 ok=1
Cmd: compileSnippet
  api=1 type=0 insize=4897 outsize=291 kw= pd= ok=1
Cmd: compileSnippet
  api=1 type=1 insize=4897 outsize=654 kw= pd= ok=1
Cmd: compileSnippet
  api=1 type=0 insize=4899 outsize=291 kw= pd= ok=1
Cmd: compileSnippet
  api=1 type=1 insize=4899 outsize=431 kw= pd= ok=1
Cmd: compileSnippet
  api=1 type=0 insize=4903 outsize=291 kw= pd= ok=1
Cmd: compileSnippet
  api=1 type=1 insize=4903 outsize=460 kw= pd= ok=1
Cmd: compileSnippet
  api=1 type=0 insize=4912 outsize=131 kw= pd= ok=1
Cmd: compileSnippet
  api=1 type=1 insize=4912 outsize=190 kw= pd= ok=1
Cmd: compileSnippet
  api=1 type=0 insize=4893 outsize=291 kw= pd= ok=1
Cmd: compileSnippet
  api=1 type=1 insize=4893 outsize=654 kw= pd= ok=1
Cmd: preprocess
  insize=5171 outsize=737 ok=1
Cmd: compileSnippet
  api=1 type=0 insize=4605 outsize=131 kw= pd= ok=1
Cmd: compileSnippet
  api=1 type=1 insize=4605 outsize=360 kw= pd= ok=1
Cmd: compileSnippet
  api=1 type=0 insize=4609 outsize=363 kw= pd= ok=1
Cmd: compileSnippet
  api=1 type=1 insize=4609 outsize=372 kw= pd= ok=1
Cmd: compileSnippet
  api=1 type=0 insize=4619 outsize=341 kw= pd= ok=1
Cmd: compileSnippet
  api=1 type=1 insize=4619 outsize=711 kw= pd= ok=1
Cmd: compileSnippet
  api=1 type=0 insize=4614 outsize=341 kw= pd= ok=1
Cmd: compileSnippet
  api=1 type=1 insize=4614 outsize=648 kw= pd= ok=1
Cmd: compileSnippet
  api=1 type=0 insize=4620 outsize=327 kw= pd= ok=1
Cmd: compileSnippet
  api=1 type=1 insize=4620 outsize=681 kw= pd= ok=1
Cmd: preprocess
  insize=6414 outsize=902 ok=1
Cmd: compileSnippet
  api=1 type=0 insize=5582 outsize=302 kw= pd= ok=1
Cmd: compileSnippet
  api=1 type=1 insize=5582 outsize=120 kw= pd= ok=1
Cmd: compileSnippet
  api=1 type=0 insize=5581 outsize=302 kw= pd= ok=1
Cmd: compileSnippet
  api=1 type=1 insize=5581 outsize=142 kw= pd= ok=1
Cmd: compileSnippet
  api=1 type=0 insize=5575 outsize=302 kw= pd= ok=1
Cmd: compileSnippet
  api=1 type=1 insize=5575 outsize=2563 kw= pd= ok=1
Cmd: compileSnippet
  api=1 type=0 insize=5574 outsize=302 kw= pd= ok=1
Cmd: compileSnippet
  api=1 type=1 insize=5574 outsize=2605 kw= pd= ok=1
Cmd: compileSnippet
  api=1 type=0 insize=5577 outsize=302 kw= pd= ok=1
Cmd: compileSnippet
  api=1 type=1 insize=5577 outsize=4827 kw= pd= ok=1
Cmd: compileSnippet
  api=1 type=0 insize=5576 outsize=302 kw= pd= ok=1
Cmd: compileSnippet
  api=1 type=1 insize=5576 outsize=4893 kw= pd= ok=1
Cmd: compileSnippet
  api=1 type=0 insize=5578 outsize=302 kw= pd= ok=1
Cmd: compileSnippet
  api=1 type=1 insize=5578 outsize=158 kw= pd= ok=1
Cmd: preprocess
  insize=32583 outsize=255 ok=1
Cmd: compileSnippet
  api=1 type=0 insize=32630 outsize=157 kw= pd= ok=1
Cmd: compileSnippet
  api=1 type=1 insize=32630 outsize=4046 kw= pd= ok=1
Cmd: preprocess
  insize=5175 outsize=1721 ok=1
Cmd: compileSnippet
  api=1 type=0 insize=3758 outsize=390 kw= pd= ok=1
Cmd: compileSnippet
  api=1 type=1 insize=3758 outsize=2838 kw= pd= ok=1
Cmd: preprocess
  insize=6737 outsize=236 ok=1
Cmd: compileSnippet
  api=1 type=0 insize=6803 outsize=281 kw= pd= ok=1
Cmd: compileSnippet
  api=1 type=1 insize=6803 outsize=1675 kw= pd= ok=1
Cmd: preprocess
  insize=4268 outsize=418 ok=1
Cmd: compileSnippet
  api=1 type=0 insize=4125 outsize=399 kw= pd= ok=1
Cmd: compileSnippet
  error: 2 plat 1 at (1): Compiled shader code uses too many instruction slots (112). Max. allowed by the target (ps_2_0) is 96.\nCompiling Fragment program
  error: 2 plat 1 at (76): Too many math instructions for SM2.0 (99 needed, max is 64). Try #pragma target 3.0\nCompiling Fragment program
  api=1 type=1 insize=4125 outsize=0 kw= pd= ok=0
Cmd: preprocess
  insize=4608 outsize=887 ok=1
Cmd: compileSnippet
  api=1 type=0 insize=3943 outsize=258 kw= pd= ok=1
Cmd: compileSnippet
  api=1 type=1 insize=3943 outsize=205 kw= pd= ok=1
Cmd: compileSnippet
  api=1 type=0 insize=3951 outsize=169 kw= pd= ok=1
Cmd: compileSnippet
  api=1 type=1 insize=3951 outsize=416 kw= pd= ok=1
Cmd: compileSnippet
  api=1 type=0 insize=3943 outsize=258 kw= pd= ok=1
Cmd: compileSnippet
  api=1 type=1 insize=3943 outsize=429 kw= pd= ok=1
Cmd: compileSnippet
  api=1 type=0 insize=3945 outsize=258 kw= pd= ok=1
Cmd: compileSnippet
  api=1 type=1 insize=3945 outsize=640 kw= pd= ok=1
Cmd: compileSnippet
  api=1 type=0 insize=3940 outsize=258 kw= pd= ok=1
Cmd: compileSnippet
  api=1 type=1 insize=3940 outsize=143 kw= pd= ok=1
Cmd: preprocess
  insize=5717 outsize=1219 ok=1
Cmd: preprocess
  insize=716 outsize=286 ok=1
Cmd: compileSnippet
  api=1 type=0 insize=732 outsize=131 kw= pd= ok=1
Cmd: compileSnippet
  api=1 type=1 insize=732 outsize=79 kw= pd= ok=1
Cmd: preprocess
  insize=656 outsize=299 ok=1
Cmd: compileSnippet
  api=1 type=0 insize=657 outsize=131 kw= pd= ok=1
Cmd: compileSnippet
  api=1 type=1 insize=657 outsize=391 kw= pd= ok=1
Cmd: preprocess
  insize=3696 outsize=630 ok=1
Cmd: compileSnippet
  api=1 type=0 insize=3278 outsize=131 kw= pd= ok=1
Cmd: compileSnippet
  api=1 type=1 insize=3278 outsize=255 kw= pd= ok=1
Cmd: compileSnippet
  api=1 type=0 insize=3285 outsize=363 kw= pd= ok=1
Cmd: compileSnippet
  api=1 type=1 insize=3285 outsize=372 kw= pd= ok=1
Cmd: compileSnippet
  api=1 type=0 insize=3294 outsize=331 kw= pd= ok=1
Cmd: compileSnippet
  api=1 type=1 insize=3294 outsize=484 kw= pd= ok=1
Cmd: compileSnippet
  api=1 type=0 insize=3289 outsize=331 kw= pd= ok=1
Cmd: compileSnippet
  api=1 type=1 insize=3289 outsize=648 kw= pd= ok=1
Cmd: preprocess
  insize=799 outsize=276 ok=1
Cmd: compileSnippet
  api=1 type=0 insize=828 outsize=131 kw= pd= ok=1
Cmd: compileSnippet
  api=1 type=1 insize=828 outsize=182 kw= pd= ok=1
Cmd: preprocess
  insize=1265 outsize=272 ok=1
Cmd: compileSnippet
  api=1 type=0 insize=1298 outsize=291 kw= pd= ok=1
Cmd: compileSnippet
  api=1 type=1 insize=1298 outsize=494 kw= pd= ok=1
Cmd: preprocess
  insize=2015 outsize=946 ok=1
Cmd: compileSnippet
  api=1 type=0 insize=859 outsize=144 kw= pd= ok=1
Cmd: compileSnippet
  api=1 type=1 insize=859 outsize=81 kw= pd= ok=1
Cmd: compileSnippet
  api=1 type=0 insize=814 outsize=144 kw= pd= ok=1
Cmd: compileSnippet
  api=1 type=1 insize=814 outsize=63 kw= pd= ok=1
Cmd: preprocess
  insize=5095 outsize=700 ok=1
Cmd: preprocess
  insize=1139 outsize=364 ok=1
Cmd: compileSnippet
  api=1 type=0 insize=1080 outsize=169 kw= pd= ok=1
Cmd: compileSnippet
  api=1 type=1 insize=1080 outsize=416 kw= pd= ok=1
Cmd: preprocess
  insize=512 outsize=241 ok=1
Cmd: compileSnippet
  api=1 type=0 insize=573 outsize=100 kw= pd= ok=1
Cmd: compileSnippet
  api=1 type=1 insize=573 outsize=58 kw= pd= ok=1
Cmd: preprocess
  insize=650 outsize=290 ok=1
Cmd: compileSnippet
  api=1 type=0 insize=665 outsize=131 kw= pd= ok=1
Cmd: compileSnippet
  api=1 type=1 insize=665 outsize=80 kw= pd= ok=1
Cmd: preprocess
  insize=5006 outsize=866 ok=1
Cmd: compileSnippet
  api=1 type=0 insize=4390 outsize=249 kw= pd= ok=1
Cmd: compileSnippet
  api=1 type=1 insize=4390 outsize=252 kw= pd= ok=1
Cmd: compileSnippet
  api=1 type=0 insize=4394 outsize=271 kw= pd= ok=1
Cmd: compileSnippet
  api=1 type=1 insize=4394 outsize=738 kw= pd= ok=1
Cmd: compileSnippet
  api=1 type=0 insize=4395 outsize=271 kw= pd= ok=1
Cmd: compileSnippet
  api=1 type=1 insize=4395 outsize=738 kw= pd= ok=1
Cmd: compileSnippet
  api=1 type=0 insize=4399 outsize=371 kw= pd= ok=1
Cmd: compileSnippet
  api=1 type=1 insize=4399 outsize=661 kw= pd= ok=1
Cmd: compileSnippet
  api=1 type=0 insize=4400 outsize=381 kw= pd= ok=1
Cmd: compileSnippet
  api=1 type=1 insize=4400 outsize=661 kw= pd= ok=1
Cmd: compileSnippet
  api=1 type=0 insize=7160 outsize=615 kw=DIRECTIONAL SHADOWS_OFF LIGHTMAP_OFF DIRLIGHTMAP_OFF DYNAMICLIGHTMAP_OFF pd= ok=1
Cmd: compileSnippet
  api=1 type=1 insize=7160 outsize=348 kw=DIRECTIONAL SHADOWS_OFF LIGHTMAP_OFF DIRLIGHTMAP_OFF DYNAMICLIGHTMAP_OFF pd= ok=1
Cmd: compileSnippet
  api=1 type=0 insize=3774 outsize=339 kw=DIRECTIONAL pd= ok=1
Cmd: compileSnippet
  api=1 type=1 insize=3774 outsize=226 kw=DIRECTIONAL pd= ok=1
Cmd: compileSnippet
  api=1 type=0 insize=990 outsize=144 kw= pd= ok=1
Cmd: compileSnippet
  api=1 type=1 insize=990 outsize=103 kw= pd= ok=1
